warning: ignoring unsupported tag `ALLOW_UNICODE_NAMES    =' at line 79, file /home/travis/build/yogeshg/clayer/Doxyfile
warning: ignoring unsupported tag `MARKDOWN_SUPPORT       =' at line 304, file /home/travis/build/yogeshg/clayer/Doxyfile
warning: ignoring unsupported tag `TOC_INCLUDE_HEADINGS   =' at line 313, file /home/travis/build/yogeshg/clayer/Doxyfile
warning: ignoring unsupported tag `AUTOLINK_SUPPORT       =' at line 321, file /home/travis/build/yogeshg/clayer/Doxyfile
warning: ignoring unsupported tag `GROUP_NESTED_COMPOUNDS =' at line 370, file /home/travis/build/yogeshg/clayer/Doxyfile
warning: ignoring unsupported tag `EXTRACT_PACKAGE        =' at line 450, file /home/travis/build/yogeshg/clayer/Doxyfile
warning: ignoring unsupported tag `HIDE_COMPOUND_REFERENCE=' at line 541, file /home/travis/build/yogeshg/clayer/Doxyfile
warning: ignoring unsupported tag `SHOW_GROUPED_MEMB_INC  =' at line 554, file /home/travis/build/yogeshg/clayer/Doxyfile
warning: ignoring unsupported tag `WARN_AS_ERROR          =' at line 765, file /home/travis/build/yogeshg/clayer/Doxyfile
warning: ignoring unsupported tag `USE_MDFILE_AS_MAINPAGE =' at line 985, file /home/travis/build/yogeshg/clayer/Doxyfile
warning: ignoring unsupported tag `SOURCE_TOOLTIPS        =' at line 1041, file /home/travis/build/yogeshg/clayer/Doxyfile
warning: ignoring unsupported tag `CLANG_ASSISTED_PARSING =' at line 1082, file /home/travis/build/yogeshg/clayer/Doxyfile
warning: ignoring unsupported tag `CLANG_OPTIONS          =' at line 1090, file /home/travis/build/yogeshg/clayer/Doxyfile
warning: ignoring unsupported tag `HTML_EXTRA_STYLESHEET  =' at line 1195, file /home/travis/build/yogeshg/clayer/Doxyfile
warning: ignoring unsupported tag `HTML_INDEX_NUM_ENTRIES =' at line 1265, file /home/travis/build/yogeshg/clayer/Doxyfile
warning: ignoring unsupported tag `MATHJAX_FORMAT         =' at line 1546, file /home/travis/build/yogeshg/clayer/Doxyfile
warning: ignoring unsupported tag `MATHJAX_CODEFILE       =' at line 1574, file /home/travis/build/yogeshg/clayer/Doxyfile
warning: ignoring unsupported tag `EXTERNAL_SEARCH        =' at line 1623, file /home/travis/build/yogeshg/clayer/Doxyfile
warning: ignoring unsupported tag `SEARCHENGINE_URL       =' at line 1634, file /home/travis/build/yogeshg/clayer/Doxyfile
warning: ignoring unsupported tag `SEARCHDATA_FILE        =' at line 1642, file /home/travis/build/yogeshg/clayer/Doxyfile
warning: ignoring unsupported tag `EXTERNAL_SEARCH_ID     =' at line 1650, file /home/travis/build/yogeshg/clayer/Doxyfile
warning: ignoring unsupported tag `EXTRA_SEARCH_MAPPINGS  =' at line 1660, file /home/travis/build/yogeshg/clayer/Doxyfile
warning: ignoring unsupported tag `LATEX_EXTRA_STYLESHEET =' at line 1762, file /home/travis/build/yogeshg/clayer/Doxyfile
warning: ignoring unsupported tag `LATEX_EXTRA_FILES      =' at line 1770, file /home/travis/build/yogeshg/clayer/Doxyfile
warning: ignoring unsupported tag `LATEX_TIMESTAMP        =' at line 1829, file /home/travis/build/yogeshg/clayer/Doxyfile
warning: ignoring unsupported tag `RTF_SOURCE_CODE        =' at line 1895, file /home/travis/build/yogeshg/clayer/Doxyfile
warning: ignoring unsupported tag `MAN_SUBDIR             =' at line 1930, file /home/travis/build/yogeshg/clayer/Doxyfile
warning: ignoring unsupported tag `GENERATE_DOCBOOK       =' at line 1976, file /home/travis/build/yogeshg/clayer/Doxyfile
warning: ignoring unsupported tag `DOCBOOK_OUTPUT         =' at line 1984, file /home/travis/build/yogeshg/clayer/Doxyfile
warning: ignoring unsupported tag `DOCBOOK_PROGRAMLISTING =' at line 1993, file /home/travis/build/yogeshg/clayer/Doxyfile
warning: ignoring unsupported tag `EXTERNAL_PAGES         =' at line 2167, file /home/travis/build/yogeshg/clayer/Doxyfile
warning: ignoring unsupported tag `DIA_PATH               =' at line 2202, file /home/travis/build/yogeshg/clayer/Doxyfile
warning: ignoring unsupported tag `UML_LIMIT_NUM_FIELDS   =' at line 2296, file /home/travis/build/yogeshg/clayer/Doxyfile
warning: ignoring unsupported tag `DIAFILE_DIRS           =' at line 2414, file /home/travis/build/yogeshg/clayer/Doxyfile
warning: ignoring unsupported tag `PLANTUML_JAR_PATH      =' at line 2422, file /home/travis/build/yogeshg/clayer/Doxyfile
warning: ignoring unsupported tag `PLANTUML_CFG_FILE      =' at line 2427, file /home/travis/build/yogeshg/clayer/Doxyfile
warning: ignoring unsupported tag `PLANTUML_INCLUDE_PATH  =' at line 2432, file /home/travis/build/yogeshg/clayer/Doxyfile
Searching for include files...
Searching for example files...
Searching for images...
Searching for dot files...
Searching for msc files...
Searching for files to exclude
Searching for files to process...
Searching for files in directory /home/travis/build/yogeshg/clayer
Searching for files in directory /home/travis/build/yogeshg/clayer/.git
Searching for files in directory /home/travis/build/yogeshg/clayer/.git/branches
Searching for files in directory /home/travis/build/yogeshg/clayer/.git/hooks
Searching for files in directory /home/travis/build/yogeshg/clayer/.git/info
Searching for files in directory /home/travis/build/yogeshg/clayer/.git/logs
Searching for files in directory /home/travis/build/yogeshg/clayer/.git/logs/refs
Searching for files in directory /home/travis/build/yogeshg/clayer/.git/logs/refs/heads
Searching for files in directory /home/travis/build/yogeshg/clayer/.git/logs/refs/remotes
Searching for files in directory /home/travis/build/yogeshg/clayer/.git/logs/refs/remotes/origin
Searching for files in directory /home/travis/build/yogeshg/clayer/.git/objects
Searching for files in directory /home/travis/build/yogeshg/clayer/.git/objects/info
Searching for files in directory /home/travis/build/yogeshg/clayer/.git/objects/pack
Searching for files in directory /home/travis/build/yogeshg/clayer/.git/refs
Searching for files in directory /home/travis/build/yogeshg/clayer/.git/refs/heads
Searching for files in directory /home/travis/build/yogeshg/clayer/.git/refs/remotes
Searching for files in directory /home/travis/build/yogeshg/clayer/.git/refs/remotes/origin
Searching for files in directory /home/travis/build/yogeshg/clayer/.git/refs/tags
Searching for files in directory /home/travis/build/yogeshg/clayer/code_docs
Searching for files in directory /home/travis/build/yogeshg/clayer/code_docs/clayer
Searching for files in directory /home/travis/build/yogeshg/clayer/code_docs/clayer/.git
Searching for files in directory /home/travis/build/yogeshg/clayer/code_docs/clayer/.git/branches
Searching for files in directory /home/travis/build/yogeshg/clayer/code_docs/clayer/.git/hooks
Searching for files in directory /home/travis/build/yogeshg/clayer/code_docs/clayer/.git/info
Searching for files in directory /home/travis/build/yogeshg/clayer/code_docs/clayer/.git/logs
Searching for files in directory /home/travis/build/yogeshg/clayer/code_docs/clayer/.git/logs/refs
Searching for files in directory /home/travis/build/yogeshg/clayer/code_docs/clayer/.git/logs/refs/heads
Searching for files in directory /home/travis/build/yogeshg/clayer/code_docs/clayer/.git/logs/refs/remotes
Searching for files in directory /home/travis/build/yogeshg/clayer/code_docs/clayer/.git/logs/refs/remotes/origin
Searching for files in directory /home/travis/build/yogeshg/clayer/code_docs/clayer/.git/objects
Searching for files in directory /home/travis/build/yogeshg/clayer/code_docs/clayer/.git/objects/info
Searching for files in directory /home/travis/build/yogeshg/clayer/code_docs/clayer/.git/objects/pack
Searching for files in directory /home/travis/build/yogeshg/clayer/code_docs/clayer/.git/refs
Searching for files in directory /home/travis/build/yogeshg/clayer/code_docs/clayer/.git/refs/heads
Searching for files in directory /home/travis/build/yogeshg/clayer/code_docs/clayer/.git/refs/remotes
Searching for files in directory /home/travis/build/yogeshg/clayer/code_docs/clayer/.git/refs/remotes/origin
Searching for files in directory /home/travis/build/yogeshg/clayer/code_docs/clayer/.git/refs/tags
Searching for files in directory /home/travis/build/yogeshg/clayer/docs
Searching for files in directory /home/travis/build/yogeshg/clayer/docs/old
Searching for files in directory /home/travis/build/yogeshg/clayer/include
Searching for files in directory /home/travis/build/yogeshg/clayer/samples
Searching for files in directory /home/travis/build/yogeshg/clayer/src
Searching for files in directory /home/travis/build/yogeshg/clayer/static
Searching for files in directory /home/travis/build/yogeshg/clayer/test
Searching for files in directory /home/travis/build/yogeshg/clayer/test/comparisons
Searching for files in directory /home/travis/build/yogeshg/clayer/test/server
Searching for files in directory /home/travis/build/yogeshg/clayer/test/server/tests
Searching for files in directory /home/travis/build/yogeshg/clayer/test/server/web
Reading and parsing tag files
Preprocessing /home/travis/build/yogeshg/clayer/docs/old/notes_20170414.md...
Parsing file /home/travis/build/yogeshg/clayer/docs/old/notes_20170414.md...
Preprocessing /home/travis/build/yogeshg/clayer/docs/old/notes_20170421.md...
Parsing file /home/travis/build/yogeshg/clayer/docs/old/notes_20170421.md...
Preprocessing /home/travis/build/yogeshg/clayer/docs/old/README.md...
Parsing file /home/travis/build/yogeshg/clayer/docs/old/README.md...
Preprocessing /home/travis/build/yogeshg/clayer/docs/README.md...
Parsing file /home/travis/build/yogeshg/clayer/docs/README.md...
Preprocessing /home/travis/build/yogeshg/clayer/include/analyser.h...
Parsing file /home/travis/build/yogeshg/clayer/include/analyser.h...
Preprocessing /home/travis/build/yogeshg/clayer/include/logconfig.h...
Parsing file /home/travis/build/yogeshg/clayer/include/logconfig.h...
Preprocessing /home/travis/build/yogeshg/clayer/include/logger.h...
Parsing file /home/travis/build/yogeshg/clayer/include/logger.h...
Preprocessing /home/travis/build/yogeshg/clayer/include/property.h...
Parsing file /home/travis/build/yogeshg/clayer/include/property.h...
Preprocessing /home/travis/build/yogeshg/clayer/include/tests.h...
Parsing file /home/travis/build/yogeshg/clayer/include/tests.h...
Preprocessing /home/travis/build/yogeshg/clayer/include/util.h...
Parsing file /home/travis/build/yogeshg/clayer/include/util.h...
Preprocessing /home/travis/build/yogeshg/clayer/README.md...
Parsing file /home/travis/build/yogeshg/clayer/README.md...
Preprocessing /home/travis/build/yogeshg/clayer/samples/t1.cpp...
Parsing file /home/travis/build/yogeshg/clayer/samples/t1.cpp...
Preprocessing /home/travis/build/yogeshg/clayer/samples/t2.cpp...
Parsing file /home/travis/build/yogeshg/clayer/samples/t2.cpp...
Preprocessing /home/travis/build/yogeshg/clayer/samples/t3.cpp...
Parsing file /home/travis/build/yogeshg/clayer/samples/t3.cpp...
Preprocessing /home/travis/build/yogeshg/clayer/samples/t3.h...
Parsing file /home/travis/build/yogeshg/clayer/samples/t3.h...
Preprocessing /home/travis/build/yogeshg/clayer/samples/t4.cpp...
Parsing file /home/travis/build/yogeshg/clayer/samples/t4.cpp...
Preprocessing /home/travis/build/yogeshg/clayer/samples/t5.cpp...
Parsing file /home/travis/build/yogeshg/clayer/samples/t5.cpp...
Preprocessing /home/travis/build/yogeshg/clayer/samples/t6.cpp...
Parsing file /home/travis/build/yogeshg/clayer/samples/t6.cpp...
Preprocessing /home/travis/build/yogeshg/clayer/src/analyser_test.cpp...
Parsing file /home/travis/build/yogeshg/clayer/src/analyser_test.cpp...
Preprocessing /home/travis/build/yogeshg/clayer/src/atm.cpp...
Parsing file /home/travis/build/yogeshg/clayer/src/atm.cpp...
Preprocessing /home/travis/build/yogeshg/clayer/src/performance_test.cpp...
Parsing file /home/travis/build/yogeshg/clayer/src/performance_test.cpp...
Preprocessing /home/travis/build/yogeshg/clayer/src/tests.cpp...
Parsing file /home/travis/build/yogeshg/clayer/src/tests.cpp...
Preprocessing /home/travis/build/yogeshg/clayer/test/comparisons/boost.cpp...
Parsing file /home/travis/build/yogeshg/clayer/test/comparisons/boost.cpp...
Preprocessing /home/travis/build/yogeshg/clayer/test/comparisons/glog.cpp...
Parsing file /home/travis/build/yogeshg/clayer/test/comparisons/glog.cpp...
Preprocessing /home/travis/build/yogeshg/clayer/test/server/client_http.hpp...
Parsing file /home/travis/build/yogeshg/clayer/test/server/client_http.hpp...
Preprocessing /home/travis/build/yogeshg/clayer/test/server/client_https.hpp...
Parsing file /home/travis/build/yogeshg/clayer/test/server/client_https.hpp...
Preprocessing /home/travis/build/yogeshg/clayer/test/server/crypto.hpp...
Parsing file /home/travis/build/yogeshg/clayer/test/server/crypto.hpp...
Preprocessing /home/travis/build/yogeshg/clayer/test/server/http_examples.cpp...
Parsing file /home/travis/build/yogeshg/clayer/test/server/http_examples.cpp...
Preprocessing /home/travis/build/yogeshg/clayer/test/server/https_examples.cpp...
Parsing file /home/travis/build/yogeshg/clayer/test/server/https_examples.cpp...
Preprocessing /home/travis/build/yogeshg/clayer/test/server/README.md...
Parsing file /home/travis/build/yogeshg/clayer/test/server/README.md...
Preprocessing /home/travis/build/yogeshg/clayer/test/server/server_http.hpp...
Parsing file /home/travis/build/yogeshg/clayer/test/server/server_http.hpp...
Preprocessing /home/travis/build/yogeshg/clayer/test/server/server_https.hpp...
Parsing file /home/travis/build/yogeshg/clayer/test/server/server_https.hpp...
Preprocessing /home/travis/build/yogeshg/clayer/test/server/tests/crypto_test.cpp...
Parsing file /home/travis/build/yogeshg/clayer/test/server/tests/crypto_test.cpp...
Preprocessing /home/travis/build/yogeshg/clayer/test/server/tests/io_test.cpp...
Parsing file /home/travis/build/yogeshg/clayer/test/server/tests/io_test.cpp...
Preprocessing /home/travis/build/yogeshg/clayer/test/server/tests/parse_test.cpp...
Parsing file /home/travis/build/yogeshg/clayer/test/server/tests/parse_test.cpp...
Building group list...
Building directory list...
Building namespace list...
Building file list...
Building class list...
Associating documentation with classes...
Computing nesting relations for classes...
Building example list...
Searching for enumerations...
Searching for documented typedefs...
Searching for members imported via using declarations...
Searching for included using directives...
Searching for documented variables...
Building member list...
Searching for friends...
Searching for documented defines...
Computing class inheritance relations...
Computing class usage relations...
Flushing cached template relations that have become invalid...
Creating members for template instances...
Computing class relations...
Add enum values to enums...
Searching for member function documentation...
Building page list...
Search for main page...
Computing page relations...
Determining the scope of groups...
Sorting lists...
Freeing entry tree
Determining which enums are documented
Computing member relations...
Building full member lists recursively...
Adding members to member groups.
Computing member references...
Inheriting documentation...
Generating disk names...
Adding source references...
Adding xrefitems...
Sorting member lists...
Generating citations page...
Counting data structures...
Resolving user defined references...
Finding anchors and sections in the documentation...
Combining using relations...
Adding members to index pages...
Generating style sheet...
Generating search indices...
Generating example documentation...
Generating file sources...
Generating code for file /home/travis/build/yogeshg/clayer/include/analyser.h...
Generating code for file /home/travis/build/yogeshg/clayer/include/logconfig.h...
Generating code for file /home/travis/build/yogeshg/clayer/include/logger.h...
Generating code for file /home/travis/build/yogeshg/clayer/include/property.h...
Generating code for file /home/travis/build/yogeshg/clayer/include/tests.h...
Generating code for file /home/travis/build/yogeshg/clayer/include/util.h...
Generating code for file /home/travis/build/yogeshg/clayer/samples/t3.h...
Generating code for file /home/travis/build/yogeshg/clayer/test/server/client_http.hpp...
Generating code for file /home/travis/build/yogeshg/clayer/test/server/client_https.hpp...
Generating code for file /home/travis/build/yogeshg/clayer/test/server/crypto.hpp...
Generating code for file /home/travis/build/yogeshg/clayer/test/server/server_http.hpp...
Generating code for file /home/travis/build/yogeshg/clayer/test/server/server_https.hpp...
Generating file documentation...
Generating docs for file /home/travis/build/yogeshg/clayer/docs/old/notes_20170414.md...
Generating docs for file /home/travis/build/yogeshg/clayer/docs/old/notes_20170421.md...
Generating docs for file /home/travis/buil/home/travis/build/yogeshg/clayer/include/property.h:151: warning: argument 'c' of command @param is not found in the argument list of clayer::operator<<(std::ostream &ss, const RunContext &r)
/home/travis/build/yogeshg/clayer/include/property.h:151: warning: The following parameters of clayer::operator<<(std::ostream &ss, const RunContext &r) are not documented:
  parameter 'r'
/home/travis/build/yogeshg/clayer/include/property.h:268: warning: argument 's' of command @param is not found in the argument list of clayer::parse_props(LogRecord &p, std::string &line, std::regex format_regex=std::regex("(.*)\\((.*):(.*)\\):(.*)"))
/home/travis/build/yogeshg/clayer/include/property.h:268: warning: The following parameters of clayer::parse_props(LogRecord &p, std::string &line, std::regex format_regex=std::regex("(.*)\\((.*):(.*)\\):(.*)")) are not documented:
  parameter 'line'
/home/travis/build/yogeshg/clayer/include/property.h:332: warning: argument 'ss' of command @param is not found in the argument list of clayer::LogRecord::operator<<(std::ostream &s, const LogRecord &c)
/home/travis/build/yogeshg/clayer/include/property.h:332: warning: argument 'os' of command @param is not found in the argument list of clayer::LogRecord::operator<<(std::ostream &s, const LogRecord &c)
/home/travis/build/yogeshg/clayer/include/property.h:332: warning: argument 'lr' of command @param is not found in the argument list of clayer::LogRecord::operator<<(std::ostream &s, const LogRecord &c)
/home/travis/build/yogeshg/clayer/include/property.h:332: warning: The following parameters of clayer::LogRecord::operator<<(std::ostream &s, const LogRecord &c) are not documented:
  parameter 's'
/home/travis/build/yogeshg/clayer/include/analyser.h:19: warning: argument 'maxtoken' of command @param is not found in the argument list of clayer::analyser::get_numbers(const std::string &line, const int maxtokens=100)
/home/travis/build/yogeshg/clayer/include/analyser.h:19: warning: The following parameters of clayer::analyser::get_numbers(const std::string &line, const int maxtokens=100) are not documented:
  parameter 'maxtokens'
/home/travis/build/yogeshg/clayer/include/logger.h:157: warning: Found unknown command `\detailed'
/home/travis/build/yogeshg/clayer/include/logger.h:292: warning: Found unknown command `\usage'
/home/travis/build/yogeshg/clayer/include/logger.h:351: warning: argument 'A' of command @param is not found in the argument list of logger::Logger< Stream, threshold, fmt, props >::set_filter(Filter f)
/home/travis/build/yogeshg/clayer/include/logger.h:351: warning: The following parameters of logger::Logger::set_filter(Filter f) are not documented:
  parameter 'f'
/home/travis/build/yogeshg/clayer/include/logger.h:141: warning: Found unknown command `\usage'
d/yogeshg/clayer/docs/old/README.md...
Generating docs for file /home/travis/build/yogeshg/clayer/docs/README.md...
Generating docs for file /home/travis/build/yogeshg/clayer/README.md...
Generating docs for file /home/travis/build/yogeshg/clayer/test/server/README.md...
Generating docs for file /home/travis/build/yogeshg/clayer/include/analyser.h...
Generating docs for file /home/travis/build/yogeshg/clayer/include/logconfig.h...
Generating docs for file /home/travis/build/yogeshg/clayer/include/logger.h...
Generating docs for file /home/travis/build/yogeshg/clayer/include/property.h...
Generating docs for file /home/travis/build/yogeshg/clayer/include/tests.h...
Generating docs for file /home/travis/build/yogeshg/clayer/include/util.h...
Generating docs for file /home/travis/build/yogeshg/clayer/samples/t1.cpp...
Generating docs for file /home/travis/build/yogeshg/clayer/samples/t2.cpp...
Generating docs for file /home/travis/build/yogeshg/clayer/samples/t3.cpp...
Generating docs for file /home/travis/build/yogeshg/clayer/samples/t3.h...
Generating docs for file /home/travis/build/yogeshg/clayer/samples/t4.cpp...
Generating docs for file /home/travis/build/yogeshg/clayer/samples/t5.cpp...
Generating docs for file /home/travis/build/yogeshg/clayer/samples/t6.cpp...
Generating docs for file /home/travis/build/yogeshg/clayer/src/analyser_test.cpp...
Generating docs for file /home/travis/build/yogeshg/clayer/src/atm.cpp...
Generating docs for file /home/travis/build/yogeshg/clayer/src/performance_test.cpp...
Generating docs for file /home/travis/build/yogeshg/clayer/src/tests.cpp...
Generating docs for file /home/travis/build/yogeshg/clayer/test/comparisons/boost.cpp...
Generating docs for file /home/travis/build/yogeshg/clayer/test/comparisons/glog.cpp...
Generating docs for file /home/travis/build/yogeshg/clayer/test/server/client_http.hpp...
Generating docs for file /home/travis/build/yogeshg/clayer/test/server/client_https.hpp...
Generating docs for file /home/travis/build/yogeshg/clayer/test/server/crypto.hpp...
Generating docs for file /home/travis/build/yogeshg/clayer/test/server/http_examples.cpp...
Generating docs for file /home/travis/build/yogeshg/clayer/test/server/https_examples.cpp...
Generating docs for file /home/travis/build/yogeshg/clayer/test/server/server_http.hpp...
Generating docs for file /home/travis/build/yogeshg/clayer/test/server/server_https.hpp...
Generating docs for file /home/travis/build/yogeshg/clayer/test/server/tests/crypto_test.cpp...
Generating docs for file /home/travis/build/yogeshg/clayer/test/server/tests/io_test.cpp...
Generating docs for file /home/travis/build/yogeshg/clayer/test/server/tests/parse_test.cpp...
Generating page documentation...
Generating group documentation...
Generating class documentation...
Generating docs for compound C...
Generating docs for compound case_insensitive_equals...
Generating docs for compound case_insensitive_hash...
Generating docs for compound ClientTest...
Generating docs for compound ServerTest...
Generating namespace index...
Generating docs for namespace clayer
Generating docs for compound clayer::CodeContext...
Generating docs for compound clayer::RunContext...
Generating docs for compound clayer::LogRecord...
Generating docs for namespace clayer::analyser
Generating docs for compound clayer::analyser::Parser...
Generating docs for compound clayer::analyser::DomainStat...
Generating docs for namespace clayer::util
Generating docs for namespace logger
Generating docs for compound logger::ContextInfo...
Generating docs for compound logger::Line...
Generating docs for compound logger::Record...
Generating docs for compound logger::NoRecord...
Generating docs for compound logger::Logger...
Generating docs for namespace logger::hash
Generating docs for compound logger::hash::Flag...
Generating docs for namespace SimpleWeb
Generating docs for compound SimpleWeb::ClientBase...
Generating docs for nested compound SimpleWeb::ClientBase::Config...
Generating docs for nested compound SimpleWeb::ClientBase::Response...
Generating docs for compound SimpleWeb::Client...
Generating docs for compound SimpleWeb::Client< HTTP >...
Generating docs for compound SimpleWeb::Client< HTTPS >...
Generating docs for compound SimpleWeb::Crypto...
Generating docs for nested compound SimpleWeb::Crypto::Base64...
Generating docs for compound SimpleWeb::ServerBase...
Generating docs for nested compound SimpleWeb::ServerBase::Config...
Generating docs for nested compound SimpleWeb::ServerBase::Content...
Generating docs for nested compound SimpleWeb::ServerBase::Request...
Generating docs for nested compound SimpleWeb::ServerBase::Response...
Generating docs for compound SimpleWeb::Server...
Generating docs for compound SimpleWeb::Server< HTTP >...
Generating docs for compound SimpleWeb::Server< HTTPS >...
Generating docs for namespace test
Generating docs for compound test::Test...
Generating graph info page...
Generating index page...
Generating page index...
Generating module index...
Generating namespace index...
Generating namespace member index...
Generating annotated compound index...
Generating alphabetical compound index...
Generating hierarchical class index...
Generating graphical class hierarchy...
Generating member index...
Generating file index...
Generating file member index...
Generating example index...
finalizing index lists...
Generating dot graphs using 33 parallel threads...
Running dot for graph 1/97
Running dot for graph 2/97
Running dot for graph 3/97
Running dot for graph 4/97
Running dot for graph 5/97
Running dot for graph 6/97
Running dot for graph 7/97
Running dot for graph 8/97
Running dot for graph 9/97
Running dot for graph 10/97
Running dot for graph 11/97
Running dot for graph 12/97
Running dot for graph 13/97
Running dot for graph 14/97
Running dot for graph 15/97
Running dot for graph 16/97
Running dot for graph 17/97
Running dot for graph 18/97
Running dot for graph 19/97
Running dot for graph 20/97
Running dot for graph 21/97
Running dot for graph 22/97
Running dot for graph 23/97
Running dot for graph 24/97
Running dot for graph 25/97
Running dot for graph 26/97
Running dot for graph 27/97
Running dot for graph 28/97
Running dot for graph 29/97
Running dot for graph 30/97
Running dot for graph 31/97
Running dot for graph 32/97
Running dot for graph 33/97
Running dot for graph 34/97
Running dot for graph 35/97
Running dot for graph 36/97
Running dot for graph 37/97
Running dot for graph 38/97
Running dot for graph 39/97
Running dot for graph 40/97
Running dot for graph 41/97
Running dot for graph 42/97
Running dot for graph 43/97
Running dot for graph 44/97
Running dot for graph 45/97
Running dot for graph 46/97
Running dot for graph 47/97
Running dot for graph 48/97
Running dot for graph 49/97
Running dot for graph 50/97
Running dot for graph 51/97
Running dot for graph 52/97
Running dot for graph 53/97
Running dot for graph 54/97
Running dot for graph 55/97
Running dot for graph 56/97
Running dot for graph 57/97
Running dot for graph 58/97
Running dot for graph 59/97
Running dot for graph 60/97
Running dot for graph 61/97
Running dot for graph 62/97
Running dot for graph 63/97
Running dot for graph 64/97
Running dot for graph 65/97
Running dot for graph 66/97
Running dot for graph 67/97
Running dot for graph 68/97
Running dot for graph 69/97
Running dot for graph 70/97
Running dot for graph 71/97
Running dot for graph 72/97
Running dot for graph 73/97
Running dot for graph 74/97
Running dot for graph 75/97
Running dot for graph 76/97
Running dot for graph 77/97
Running dot for graph 78/97
Running dot for graph 79/97
Running dot for graph 80/97
Running dot for graph 81/97
Running dot for graph 82/97
Running dot for graph 83/97
Running dot for graph 84/97
Running dot for graph 85/97
Running dot for graph 86/97
Running dot for graph 87/97
Running dot for graph 88/97
Running dot for graph 89/97
Running dot for graph 90/97
Running dot for graph 91/97
Running dot for graph 92/97
Running dot for graph 93/97
Running dot for graph 94/97
Running dot for graph 95/97
Running dot for graph 96/97
Running dot for graph 97/97
Patching output file 1/46
Patching output file 2/46
Patching output file 3/46
Patching output file 4/46
Patching output file 5/46
Patching output file 6/46
Patching output file 7/46
Patching output file 8/46
Patching output file 9/46
Patching output file 10/46
Patching output file 11/46
Patching output file 12/46
Patching output file 13/46
Patching output file 14/46
Patching output file 15/46
Patching output file 16/46
Patching output file 17/46
Patching output file 18/46
Patching output file 19/46
Patching output file 20/46
Patching output file 21/46
Patching output file 22/46
Patching output file 23/46
Patching output file 24/46
Patching output file 25/46
Patching output file 26/46
Patching output file 27/46
Patching output file 28/46
Patching output file 29/46
Patching output file 30/46
Patching output file 31/46
Patching output file 32/46
Patching output file 33/46
Patching output file 34/46
Patching output file 35/46
Patching output file 36/46
Patching output file 37/46
Patching output file 38/46
Patching output file 39/46
Patching output file 40/46
Patching output file 41/46
Patching output file 42/46
Patching output file 43/46
Patching output file 44/46
Patching output file 45/46
Patching output file 46/46
symbol cache used 442/65536 hits=25623 misses=442
lookup cache used 1093/65536 hits=6495 misses=1191
finished...
